<?xml version="1.0" encoding="UTF-8"?>
<!-- Generated by org.testng.reporters.JUnitXMLReporter -->
<testsuite hostname="DESKTOP-NGMPCSL" ignored="0" name="Default test" tests="3" failures="0" timestamp="02 Jun 2019 13:37:56 GMT" time="11.046" errors="0">
  <testcase name="Login_to_Gtpl_Bank" time="5.023" classname="test.Gtpl_Bank_Login"/>
  <testcase name="Verify_Whether_Gtpl_Bank_Dashboard_is_Correct" time="0.024" classname="test.Gtpl_Bank_Login"/>
  <testcase name="Logout_of_Gtpl_Bank" time="1.0" classname="test.Gtpl_Bank_Login"/>
</testsuite> <!-- Default test -->
