<?xml version="1.0" encoding="UTF-8"?>
<testng-results skipped="0" failed="0" ignored="0" total="3" passed="3">
  <reporter-output>
  </reporter-output>
  <suite name="Default suite" duration-ms="11046" started-at="2019-06-02T13:37:45Z" finished-at="2019-06-02T13:37:56Z">
    <groups>
    </groups>
    <test name="Default test" duration-ms="11046" started-at="2019-06-02T13:37:45Z" finished-at="2019-06-02T13:37:56Z">
      <class name="test.Gtpl_Bank_Login">
        <test-method status="PASS" signature="setUp()[pri:0, instance:test.Gtpl_Bank_Login@28d25987]" name="setUp" is-config="true" duration-ms="3633" started-at="2019-06-02T13:37:45Z" finished-at="2019-06-02T13:37:49Z">
          <reporter-output>
          </reporter-output>
        </test-method> <!-- setUp -->
        <test-method status="PASS" signature="Login_to_Gtpl_Bank()[pri:1, instance:test.Gtpl_Bank_Login@28d25987]" name="Login_to_Gtpl_Bank" duration-ms="5023" started-at="2019-06-02T13:37:49Z" finished-at="2019-06-02T13:37:54Z">
          <reporter-output>
          </reporter-output>
        </test-method> <!-- Login_to_Gtpl_Bank -->
        <test-method status="PASS" signature="Verify_Whether_Gtpl_Bank_Dashboard_is_Correct()[pri:2, instance:test.Gtpl_Bank_Login@28d25987]" name="Verify_Whether_Gtpl_Bank_Dashboard_is_Correct" duration-ms="24" started-at="2019-06-02T13:37:54Z" finished-at="2019-06-02T13:37:54Z">
          <reporter-output>
          </reporter-output>
        </test-method> <!-- Verify_Whether_Gtpl_Bank_Dashboard_is_Correct -->
        <test-method status="PASS" signature="Logout_of_Gtpl_Bank()[pri:3, instance:test.Gtpl_Bank_Login@28d25987]" name="Logout_of_Gtpl_Bank" duration-ms="1000" started-at="2019-06-02T13:37:54Z" finished-at="2019-06-02T13:37:55Z">
          <reporter-output>
          </reporter-output>
        </test-method> <!-- Logout_of_Gtpl_Bank -->
        <test-method status="PASS" signature="tearDown()[pri:0, instance:test.Gtpl_Bank_Login@28d25987]" name="tearDown" is-config="true" duration-ms="1340" started-at="2019-06-02T13:37:55Z" finished-at="2019-06-02T13:37:56Z">
          <reporter-output>
          </reporter-output>
        </test-method> <!-- tearDown -->
      </class> <!-- test.Gtpl_Bank_Login -->
    </test> <!-- Default test -->
  </suite> <!-- Default suite -->
</testng-results>
